2026-06-26 16:37:36.891 [main] INFO  c.e.p.PropertyManagementApplication - Starting PropertyManagementApplication using Java 25.0.2 with PID 22360 (C:\Users\lenovo\Desktop\projects\spring boot\property-management\target\classes started by lenovo in C:\Users\lenovo\Desktop\projects\spring boot\property-management)
2026-06-26 16:37:36.892 [main] DEBUG c.e.p.PropertyManagementApplication - Running with Spring Boot v3.5.14, Spring v6.2.18
2026-06-26 16:37:36.893 [main] INFO  c.e.p.PropertyManagementApplication - The following 1 profile is active: "prod"
2026-06-26 16:37:37.653 [main] INFO  o.s.d.r.c.RepositoryConfigurationDelegate - Bootstrapping Spring Data JPA repositories in DEFAULT mode.
2026-06-26 16:37:37.746 [main] INFO  o.s.d.r.c.RepositoryConfigurationDelegate - Finished Spring Data repository scanning in 68 ms. Found 2 JPA repository interfaces.
2026-06-26 16:37:38.307 [main] INFO  o.s.b.w.e.tomcat.TomcatWebServer - Tomcat initialized with port 8080 (http)
2026-06-26 16:37:38.319 [main] INFO  o.a.coyote.http11.Http11NioProtocol - Initializing ProtocolHandler ["http-nio-8080"]
2026-06-26 16:37:38.322 [main] INFO  o.a.catalina.core.StandardService - Starting service [Tomcat]
2026-06-26 16:37:38.322 [main] INFO  o.a.catalina.core.StandardEngine - Starting Servlet engine: [Apache Tomcat/10.1.54]
2026-06-26 16:37:38.401 [main] INFO  o.a.c.c.C.[Tomcat].[localhost].[/] - Initializing Spring embedded WebApplicationContext
2026-06-26 16:37:38.402 [main] INFO  o.s.b.w.s.c.ServletWebServerApplicationContext - Root WebApplicationContext: initialization completed in 1459 ms
2026-06-26 16:37:38.989 [main] INFO  o.s.o.j.p.SpringPersistenceUnitInfo - No LoadTimeWeaver setup: ignoring JPA class transformer
2026-06-26 16:37:39.024 [main] INFO  com.zaxxer.hikari.HikariDataSource - HikariPool-1 - Starting...
2026-06-26 16:37:39.811 [main] INFO  com.zaxxer.hikari.pool.HikariPool - HikariPool-1 - Added connection com.mysql.cj.jdbc.ConnectionImpl@4fd37449
2026-06-26 16:37:39.814 [main] INFO  com.zaxxer.hikari.HikariDataSource - HikariPool-1 - Start completed.
2026-06-26 16:37:40.906 [main] INFO  o.s.o.j.LocalContainerEntityManagerFactoryBean - Initialized JPA EntityManagerFactory for persistence unit 'default'
2026-06-26 16:37:41.297 [main] WARN  o.s.b.a.o.j.JpaBaseConfiguration$JpaWebConfiguration - spring.jpa.open-in-view is enabled by default. Therefore, database queries may be performed during view rendering. Explicitly configure spring.jpa.open-in-view to disable this warning
2026-06-26 16:37:41.492 [main] WARN  o.s.b.a.s.s.UserDetailsServiceAutoConfiguration - 

Using generated security password: 35a89a6a-8ac6-4f83-9900-de2f017c3d1e

This generated password is for development use only. Your security configuration must be updated before running your application in production.

2026-06-26 16:37:41.499 [main] INFO  o.s.s.c.a.a.c.InitializeUserDetailsBeanManagerConfigurer$InitializeUserDetailsManagerConfigurer - Global AuthenticationManager configured with UserDetailsService bean with name inMemoryUserDetailsManager
2026-06-26 16:37:41.777 [main] INFO  o.a.coyote.http11.Http11NioProtocol - Starting ProtocolHandler ["http-nio-8080"]
2026-06-26 16:37:41.794 [main] INFO  o.s.b.w.e.tomcat.TomcatWebServer - Tomcat started on port 8080 (http) with context path '/'
2026-06-26 16:37:41.804 [main] INFO  c.e.p.PropertyManagementApplication - Started PropertyManagementApplication in 5.646 seconds (process running for 6.2)
2026-06-26 16:38:10.435 [http-nio-8080-exec-1] INFO  o.a.c.c.C.[Tomcat].[localhost].[/] - Initializing Spring DispatcherServlet 'dispatcherServlet'
2026-06-26 16:38:10.436 [http-nio-8080-exec-1] INFO  o.s.web.servlet.DispatcherServlet - Initializing Servlet 'dispatcherServlet'
2026-06-26 16:38:10.437 [http-nio-8080-exec-1] INFO  o.s.web.servlet.DispatcherServlet - Completed initialization in 1 ms
2026-06-26 16:38:10.623 [http-nio-8080-exec-1] INFO  c.e.p.controller.PropertyController - POST request for creating property whoreHouse
2026-06-26 16:38:10.792 [http-nio-8080-exec-1] INFO  c.e.p.s.impl.PropertyServiceImpl - creating property whoreHouse
2026-06-26 16:38:10.874 [http-nio-8080-exec-1] INFO  c.e.p.s.impl.PropertyServiceImpl - Property 'whoreHouse' created successfully. id=1
2026-06-26 16:38:25.668 [SpringApplicationShutdownHook] INFO  o.s.b.w.e.tomcat.GracefulShutdown - Commencing graceful shutdown. Waiting for active requests to complete
2026-06-26 16:38:25.674 [tomcat-shutdown] INFO  o.s.b.w.e.tomcat.GracefulShutdown - Graceful shutdown complete
2026-06-26 16:38:25.679 [SpringApplicationShutdownHook] INFO  o.s.o.j.LocalContainerEntityManagerFactoryBean - Closing JPA EntityManagerFactory for persistence unit 'default'
2026-06-26 16:38:25.682 [SpringApplicationShutdownHook] INFO  com.zaxxer.hikari.HikariDataSource - HikariPool-1 - Shutdown initiated...
2026-06-26 16:38:25.706 [SpringApplicationShutdownHook] INFO  com.zaxxer.hikari.HikariDataSource - HikariPool-1 - Shutdown completed.
2026-06-26 17:13:59.199 [main] INFO  c.e.p.PropertyManagementApplication - Starting PropertyManagementApplication using Java 25.0.2 with PID 13480 (C:\Users\lenovo\Desktop\projects\spring boot\property-management\target\classes started by lenovo in C:\Users\lenovo\Desktop\projects\spring boot\property-management)
2026-06-26 17:13:59.201 [main] DEBUG c.e.p.PropertyManagementApplication - Running with Spring Boot v3.5.14, Spring v6.2.18
2026-06-26 17:13:59.202 [main] INFO  c.e.p.PropertyManagementApplication - The following 1 profile is active: "prod"
2026-06-26 17:14:00.100 [main] INFO  o.s.d.r.c.RepositoryConfigurationDelegate - Bootstrapping Spring Data JPA repositories in DEFAULT mode.
2026-06-26 17:14:00.164 [main] INFO  o.s.d.r.c.RepositoryConfigurationDelegate - Finished Spring Data repository scanning in 54 ms. Found 2 JPA repository interfaces.
2026-06-26 17:14:00.607 [main] INFO  o.s.b.w.e.tomcat.TomcatWebServer - Tomcat initialized with port 8080 (http)
2026-06-26 17:14:00.616 [main] INFO  o.a.coyote.http11.Http11NioProtocol - Initializing ProtocolHandler ["http-nio-8080"]
2026-06-26 17:14:00.618 [main] INFO  o.a.catalina.core.StandardService - Starting service [Tomcat]
2026-06-26 17:14:00.619 [main] INFO  o.a.catalina.core.StandardEngine - Starting Servlet engine: [Apache Tomcat/10.1.54]
2026-06-26 17:14:00.703 [main] INFO  o.a.c.c.C.[Tomcat].[localhost].[/] - Initializing Spring embedded WebApplicationContext
2026-06-26 17:14:00.704 [main] INFO  o.s.b.w.s.c.ServletWebServerApplicationContext - Root WebApplicationContext: initialization completed in 1450 ms
2026-06-26 17:14:01.142 [main] INFO  o.s.o.j.p.SpringPersistenceUnitInfo - No LoadTimeWeaver setup: ignoring JPA class transformer
2026-06-26 17:14:01.166 [main] INFO  com.zaxxer.hikari.HikariDataSource - HikariPool-1 - Starting...
2026-06-26 17:14:01.464 [main] INFO  com.zaxxer.hikari.pool.HikariPool - HikariPool-1 - Added connection com.mysql.cj.jdbc.ConnectionImpl@9cc0505
2026-06-26 17:14:01.465 [main] INFO  com.zaxxer.hikari.HikariDataSource - HikariPool-1 - Start completed.
2026-06-26 17:14:02.249 [main] INFO  o.s.o.j.LocalContainerEntityManagerFactoryBean - Initialized JPA EntityManagerFactory for persistence unit 'default'
2026-06-26 17:14:02.598 [main] WARN  o.s.b.a.o.j.JpaBaseConfiguration$JpaWebConfiguration - spring.jpa.open-in-view is enabled by default. Therefore, database queries may be performed during view rendering. Explicitly configure spring.jpa.open-in-view to disable this warning
2026-06-26 17:14:02.772 [main] WARN  o.s.b.a.s.s.UserDetailsServiceAutoConfiguration - 

Using generated security password: b609b098-f7a8-428a-b3ce-5189b22a7622

This generated password is for development use only. Your security configuration must be updated before running your application in production.

2026-06-26 17:14:02.778 [main] INFO  o.s.s.c.a.a.c.InitializeUserDetailsBeanManagerConfigurer$InitializeUserDetailsManagerConfigurer - Global AuthenticationManager configured with UserDetailsService bean with name inMemoryUserDetailsManager
2026-06-26 17:14:03.086 [main] INFO  o.a.coyote.http11.Http11NioProtocol - Starting ProtocolHandler ["http-nio-8080"]
2026-06-26 17:14:03.101 [main] INFO  o.s.b.w.e.tomcat.TomcatWebServer - Tomcat started on port 8080 (http) with context path '/'
2026-06-26 17:14:03.109 [main] INFO  c.e.p.PropertyManagementApplication - Started PropertyManagementApplication in 4.616 seconds (process running for 5.126)
2026-06-26 17:14:05.785 [SpringApplicationShutdownHook] INFO  o.s.b.w.e.tomcat.GracefulShutdown - Commencing graceful shutdown. Waiting for active requests to complete
2026-06-26 17:14:05.790 [tomcat-shutdown] INFO  o.s.b.w.e.tomcat.GracefulShutdown - Graceful shutdown complete
2026-06-26 17:14:05.798 [SpringApplicationShutdownHook] INFO  o.s.o.j.LocalContainerEntityManagerFactoryBean - Closing JPA EntityManagerFactory for persistence unit 'default'
2026-06-26 17:14:05.801 [SpringApplicationShutdownHook] INFO  com.zaxxer.hikari.HikariDataSource - HikariPool-1 - Shutdown initiated...
2026-06-26 17:14:05.811 [SpringApplicationShutdownHook] INFO  com.zaxxer.hikari.HikariDataSource - HikariPool-1 - Shutdown completed.
